<?xml version="1.0" encoding="UTF-8"?>
<testsuite xmlns:xsi="http://www.w3.org/2001/XMLSchema-instance" xsi:schemaLocation="https://maven.apache.org/surefire/maven-surefire-plugin/xsd/surefire-test-report.xsd" name="com.mycompany.ddbsnow.js.JsInteractionTest" time="1.071" tests="2" errors="0" skipped="0" failures="0">
  <properties>
[...]
</properties>
  <testcase name="emptyTest" classname="com.mycompany.ddbsnow.js.JsInteractionTest" time="0.316"/>
  <testcase name="testCallbackFromJavaScript" classname="com.mycompany.ddbsnow.js.JsInteractionTest" time="0.417"/>
</testsuite>